<?xml version="1.0" encoding="UTF-8"?>
<testsuite name="CuisineTest" tests="4" skipped="0" failures="0" errors="0" timestamp="2015-08-26T23:30:41" hostname="epicodus-105.local" time="0.139">
  <properties/>
  <testcase name="all_emptyAtFirst" classname="CuisineTest" time="0.101"/>
  <testcase name="equals_returnTrueIfNamesAretheSame" classname="CuisineTest" time="0.005"/>
  <testcase name="find_findCuisineInDatabase_true" classname="CuisineTest" time="0.017"/>
  <testcase name="save_savesIntoDatabase_true" classname="CuisineTest" time="0.015"/>
  <system-out><![CDATA[]]></system-out>
  <system-err><![CDATA[]]></system-err>
</testsuite>
