<?xml version="1.0" encoding="UTF-8"?>
<testsuite name="RestaurantTest" tests="5" skipped="0" failures="0" errors="0" timestamp="2015-08-26T21:13:45" hostname="epicodus-105.local" time="0.059">
  <properties/>
  <testcase name="equals_returnsTrueIfNameAreTheSame" classname="RestaurantTest" time="0.005"/>
  <testcase name="save_saveObjectIntoDatabase_true" classname="RestaurantTest" time="0.018"/>
  <testcase name="all_emptyAtFirst" classname="RestaurantTest" time="0.009"/>
  <testcase name="find_findsRestaurantInDatabase_true" classname="RestaurantTest" time="0.014"/>
  <testcase name="save_assignsIdtoObject" classname="RestaurantTest" time="0.013"/>
  <system-out><![CDATA[]]></system-out>
  <system-err><![CDATA[]]></system-err>
</testsuite>
