<?xml version="1.0" encoding="UTF-8"?>
<testsuite name="CuisineTest" tests="3" skipped="0" failures="0" errors="0" timestamp="2015-08-26T17:36:21" hostname="epicodus-105.local" time="0.12">
  <properties/>
  <testcase name="all_emptyAtFirst" classname="CuisineTest" time="0.1"/>
  <testcase name="equals_returnTrueIfNamesAretheSame" classname="CuisineTest" time="0.005"/>
  <testcase name="save_returnsTrueIfNamesAreTheSame" classname="CuisineTest" time="0.015"/>
  <system-out><![CDATA[]]></system-out>
  <system-err><![CDATA[]]></system-err>
</testsuite>
