<?xml version="1.0" encoding="UTF-8"?>
<testsuite name="RestaurantTest" tests="4" skipped="0" failures="0" errors="0" timestamp="2015-08-26T20:55:44" hostname="epicodus-105.local" time="0.05">
  <properties/>
  <testcase name="equals_returnsTrueIfNameAreTheSame" classname="RestaurantTest" time="0.005"/>
  <testcase name="save_saveObjectIntoDatabase_true" classname="RestaurantTest" time="0.016"/>
  <testcase name="all_emptyAtFirst" classname="RestaurantTest" time="0.012"/>
  <testcase name="save_assignsIdtoObject" classname="RestaurantTest" time="0.015"/>
  <system-out><![CDATA[]]></system-out>
  <system-err><![CDATA[]]></system-err>
</testsuite>
